0 verbose cli /data/data/com.termux/files/usr/bin/node /data/data/com.termux/files/usr/bin/npm
1 info using npm@10.9.2
2 info using node@v23.11.0
3 silly config load:file:/data/data/com.termux/files/usr/lib/node_modules/npm/npmrc
4 silly config load:file:/data/data/com.termux/files/home/pakistan-raid/YukiBot/discord-js-bot/.npmrc
5 silly config load:file:/data/data/com.termux/files/home/.npmrc
6 silly config load:file:/data/data/com.termux/files/usr/etc/npmrc
7 verbose title npm i express
8 verbose argv "i" "express"
9 verbose logfile logs-max:10 dir:/data/data/com.termux/files/home/.npm/_logs/2025-04-11T22_58_31_830Z-
10 verbose logfile /data/data/com.termux/files/home/.npm/_logs/2025-04-11T22_58_31_830Z-debug-0.log
11 silly logfile start cleaning logs, removing 1 files
12 silly packumentCache heap:1098907648 maxSize:274726912 maxEntrySize:137363456
13 silly logfile done cleaning log files
14 silly idealTree buildDeps
15 silly fetch manifest express@*
16 silly packumentCache full:https://registry.npmjs.org/express cache-miss
17 http fetch GET 200 https://registry.npmjs.org/express 524ms (cache updated)
18 silly packumentCache full:https://registry.npmjs.org/express set size:undefined disposed:false
19 silly placeDep ROOT express@5.1.0 OK for: seu-bot-topzera@1.0.0 want: *
20 silly fetch manifest qs@^6.14.0
21 silly packumentCache full:https://registry.npmjs.org/qs cache-miss
22 silly fetch manifest etag@^1.8.1
23 silly packumentCache full:https://registry.npmjs.org/etag cache-miss
24 silly fetch manifest send@^1.1.0
25 silly packumentCache full:https://registry.npmjs.org/send cache-miss
26 silly fetch manifest vary@^1.1.2
27 silly packumentCache full:https://registry.npmjs.org/vary cache-miss
28 silly fetch manifest fresh@^2.0.0
29 silly packumentCache full:https://registry.npmjs.org/fresh cache-miss
30 silly fetch manifest cookie@^0.7.1
31 silly packumentCache full:https://registry.npmjs.org/cookie cache-miss
32 silly fetch manifest router@^2.2.0
33 silly packumentCache full:https://registry.npmjs.org/router cache-miss
34 http fetch GET 200 https://registry.npmjs.org/router 290ms (cache miss)
35 silly packumentCache full:https://registry.npmjs.org/router set size:undefined disposed:false
36 silly fetch manifest accepts@^2.0.0
37 silly packumentCache full:https://registry.npmjs.org/accepts cache-miss
38 http fetch GET 200 https://registry.npmjs.org/vary 310ms (cache updated)
39 silly packumentCache full:https://registry.npmjs.org/vary set size:undefined disposed:false
40 silly fetch manifest type-is@^2.0.1
41 silly packumentCache full:https://registry.npmjs.org/type-is cache-miss
42 http fetch GET 200 https://registry.npmjs.org/etag 318ms (cache updated)
43 silly packumentCache full:https://registry.npmjs.org/etag set size:undefined disposed:false
44 silly fetch manifest parseurl@^1.3.3
45 silly packumentCache full:https://registry.npmjs.org/parseurl cache-miss
46 http fetch GET 200 https://registry.npmjs.org/fresh 326ms (cache updated)
47 silly packumentCache full:https://registry.npmjs.org/fresh set size:undefined disposed:false
48 silly fetch manifest encodeurl@^2.0.0
49 silly packumentCache full:https://registry.npmjs.org/encodeurl cache-miss
50 http fetch GET 200 https://registry.npmjs.org/cookie 346ms (cache updated)
51 silly packumentCache full:https://registry.npmjs.org/cookie set size:undefined disposed:false
52 silly fetch manifest mime-types@^3.0.0
53 silly packumentCache full:https://registry.npmjs.org/mime-types cache-miss
54 http fetch GET 200 https://registry.npmjs.org/send 399ms (cache updated)
55 silly packumentCache full:https://registry.npmjs.org/send set size:undefined disposed:false
56 silly fetch manifest proxy-addr@^2.0.7
57 silly packumentCache full:https://registry.npmjs.org/proxy-addr cache-miss
58 http fetch GET 200 https://registry.npmjs.org/qs 483ms (cache updated)
59 silly packumentCache full:https://registry.npmjs.org/qs set size:undefined disposed:false
60 silly fetch manifest body-parser@^2.2.0
61 silly packumentCache full:https://registry.npmjs.org/body-parser cache-miss
62 http fetch GET 200 https://registry.npmjs.org/parseurl 182ms (cache updated)
63 silly packumentCache full:https://registry.npmjs.org/parseurl set size:undefined disposed:false
64 silly fetch manifest escape-html@^1.0.3
65 silly packumentCache full:https://registry.npmjs.org/escape-html cache-miss
66 http fetch GET 200 https://registry.npmjs.org/encodeurl 178ms (cache updated)
67 silly packumentCache full:https://registry.npmjs.org/encodeurl set size:undefined disposed:false
68 silly fetch manifest on-finished@^2.4.1
69 silly packumentCache full:https://registry.npmjs.org/on-finished cache-miss
70 http fetch GET 200 https://registry.npmjs.org/type-is 204ms (cache updated)
71 silly packumentCache full:https://registry.npmjs.org/type-is set size:undefined disposed:false
72 silly fetch manifest content-type@^1.0.5
73 silly packumentCache full:https://registry.npmjs.org/content-type cache-miss
74 http fetch GET 200 https://registry.npmjs.org/accepts 236ms (cache updated)
75 silly packumentCache full:https://registry.npmjs.org/accepts set size:undefined disposed:false
76 silly fetch manifest finalhandler@^2.1.0
77 silly packumentCache full:https://registry.npmjs.org/finalhandler cache-miss
78 http fetch GET 200 https://registry.npmjs.org/mime-types 215ms (cache updated)
79 silly packumentCache full:https://registry.npmjs.org/mime-types set size:undefined disposed:false
80 silly fetch manifest range-parser@^1.2.1
81 silly packumentCache full:https://registry.npmjs.org/range-parser cache-miss
82 http fetch GET 200 https://registry.npmjs.org/proxy-addr 180ms (cache updated)
83 silly packumentCache full:https://registry.npmjs.org/proxy-addr set size:undefined disposed:false
84 silly fetch manifest serve-static@^2.2.0
85 silly packumentCache full:https://registry.npmjs.org/serve-static cache-miss
86 http fetch GET 200 https://registry.npmjs.org/escape-html 131ms (cache updated)
87 silly packumentCache full:https://registry.npmjs.org/escape-html set size:undefined disposed:false
88 silly fetch manifest cookie-signature@^1.2.1
89 silly packumentCache full:https://registry.npmjs.org/cookie-signature cache-miss
90 http fetch GET 200 https://registry.npmjs.org/content-type 128ms (cache updated)
91 silly packumentCache full:https://registry.npmjs.org/content-type set size:undefined disposed:false
92 silly fetch manifest merge-descriptors@^2.0.0
93 silly packumentCache full:https://registry.npmjs.org/merge-descriptors cache-miss
94 http fetch GET 200 https://registry.npmjs.org/on-finished 140ms (cache updated)
95 silly packumentCache full:https://registry.npmjs.org/on-finished set size:undefined disposed:false
96 silly fetch manifest content-disposition@^1.0.0
97 silly packumentCache full:https://registry.npmjs.org/content-disposition cache-miss
98 http fetch GET 200 https://registry.npmjs.org/finalhandler 139ms (cache updated)
99 silly packumentCache full:https://registry.npmjs.org/finalhandler set size:undefined disposed:false
100 http fetch GET 200 https://registry.npmjs.org/range-parser 126ms (cache updated)
101 silly packumentCache full:https://registry.npmjs.org/range-parser set size:undefined disposed:false
102 http fetch GET 200 https://registry.npmjs.org/body-parser 223ms (cache updated)
103 silly packumentCache full:https://registry.npmjs.org/body-parser set size:undefined disposed:false
104 http fetch GET 200 https://registry.npmjs.org/serve-static 143ms (cache updated)
105 silly packumentCache full:https://registry.npmjs.org/serve-static set size:undefined disposed:false
106 http fetch GET 200 https://registry.npmjs.org/cookie-signature 103ms (cache updated)
107 silly packumentCache full:https://registry.npmjs.org/cookie-signature set size:undefined disposed:false
108 http fetch GET 200 https://registry.npmjs.org/merge-descriptors 104ms (cache updated)
109 silly packumentCache full:https://registry.npmjs.org/merge-descriptors set size:undefined disposed:false
110 http fetch GET 200 https://registry.npmjs.org/content-disposition 105ms (cache updated)
111 silly packumentCache full:https://registry.npmjs.org/content-disposition set size:undefined disposed:false
112 silly placeDep ROOT accepts@2.0.0 OK for: express@5.1.0 want: ^2.0.0
113 silly placeDep ROOT body-parser@2.2.0 OK for: express@5.1.0 want: ^2.2.0
114 silly placeDep ROOT content-disposition@1.0.0 OK for: express@5.1.0 want: ^1.0.0
115 silly placeDep ROOT content-type@1.0.5 OK for: express@5.1.0 want: ^1.0.5
116 silly placeDep ROOT cookie@0.7.2 OK for: express@5.1.0 want: ^0.7.1
117 silly placeDep ROOT cookie-signature@1.2.2 OK for: express@5.1.0 want: ^1.2.1
118 silly placeDep ROOT encodeurl@2.0.0 OK for: express@5.1.0 want: ^2.0.0
119 silly placeDep ROOT escape-html@1.0.3 OK for: express@5.1.0 want: ^1.0.3
120 silly placeDep ROOT etag@1.8.1 OK for: express@5.1.0 want: ^1.8.1
121 silly placeDep ROOT finalhandler@2.1.0 OK for: express@5.1.0 want: ^2.1.0
122 silly placeDep ROOT fresh@2.0.0 OK for: express@5.1.0 want: ^2.0.0
123 silly placeDep ROOT merge-descriptors@2.0.0 OK for: express@5.1.0 want: ^2.0.0
124 silly placeDep node_modules/express mime-types@3.0.1 OK for: express@5.1.0 want: ^3.0.0
125 silly placeDep ROOT on-finished@2.4.1 OK for: express@5.1.0 want: ^2.4.1
126 silly placeDep ROOT parseurl@1.3.3 OK for: express@5.1.0 want: ^1.3.3
127 silly placeDep ROOT proxy-addr@2.0.7 OK for: express@5.1.0 want: ^2.0.7
128 silly placeDep ROOT qs@6.14.0 OK for: express@5.1.0 want: ^6.14.0
129 silly placeDep ROOT range-parser@1.2.1 OK for: express@5.1.0 want: ^1.2.1
130 silly placeDep ROOT router@2.2.0 OK for: express@5.1.0 want: ^2.2.0
131 silly placeDep ROOT send@1.2.0 OK for: express@5.1.0 want: ^1.1.0
132 silly placeDep ROOT serve-static@2.2.0 OK for: express@5.1.0 want: ^2.2.0
133 silly placeDep ROOT type-is@2.0.1 OK for: express@5.1.0 want: ^2.0.1
134 silly placeDep ROOT vary@1.1.2 OK for: express@5.1.0 want: ^1.1.2
135 silly fetch manifest negotiator@^1.0.0
136 silly packumentCache full:https://registry.npmjs.org/negotiator cache-miss
137 silly fetch manifest bytes@^3.1.2
138 silly packumentCache full:https://registry.npmjs.org/bytes cache-miss
139 silly fetch manifest iconv-lite@^0.6.3
140 silly packumentCache full:https://registry.npmjs.org/iconv-lite cache-miss
141 silly fetch manifest raw-body@^3.0.0
142 silly packumentCache full:https://registry.npmjs.org/raw-body cache-miss
143 silly fetch manifest type-is@^2.0.0
144 silly packumentCache full:https://registry.npmjs.org/type-is cache-miss
145 silly fetch manifest mime-db@^1.54.0
146 silly packumentCache full:https://registry.npmjs.org/mime-db cache-miss
147 silly fetch manifest ee-first@1.1.1
148 silly packumentCache full:https://registry.npmjs.org/ee-first cache-miss
149 http cache https://registry.npmjs.org/type-is 45ms (cache hit)
150 silly packumentCache full:https://registry.npmjs.org/type-is set size:86196 disposed:false
151 silly fetch manifest forwarded@0.2.0
152 silly packumentCache full:https://registry.npmjs.org/forwarded cache-miss
153 http fetch GET 200 https://registry.npmjs.org/bytes 118ms (cache updated)
154 silly packumentCache full:https://registry.npmjs.org/bytes set size:undefined disposed:false
155 silly fetch manifest ipaddr.js@1.9.1
156 silly packumentCache full:https://registry.npmjs.org/ipaddr.js cache-miss
157 http fetch GET 200 https://registry.npmjs.org/ee-first 119ms (cache updated)
158 silly packumentCache full:https://registry.npmjs.org/ee-first set size:undefined disposed:false
159 silly fetch manifest side-channel@^1.1.0
160 silly packumentCache full:https://registry.npmjs.org/side-channel cache-miss
161 http fetch GET 200 https://registry.npmjs.org/negotiator 136ms (cache updated)
162 silly packumentCache full:https://registry.npmjs.org/negotiator set size:undefined disposed:false
163 silly fetch manifest is-promise@^4.0.0
164 silly packumentCache full:https://registry.npmjs.org/is-promise cache-miss
165 http fetch GET 200 https://registry.npmjs.org/iconv-lite 147ms (cache updated)
166 silly packumentCache full:https://registry.npmjs.org/iconv-lite set size:undefined disposed:false
167 silly fetch manifest path-to-regexp@^8.0.0
168 silly packumentCache full:https://registry.npmjs.org/path-to-regexp cache-miss
169 http fetch GET 200 https://registry.npmjs.org/raw-body 157ms (cache updated)
170 silly packumentCache full:https://registry.npmjs.org/raw-body set size:undefined disposed:false
171 silly fetch manifest mime-types@^3.0.1
172 silly packumentCache full:https://registry.npmjs.org/mime-types cache-miss
173 http fetch GET 200 https://registry.npmjs.org/mime-db 160ms (cache updated)
174 silly packumentCache full:https://registry.npmjs.org/mime-db set size:undefined disposed:false
175 silly fetch manifest media-typer@^1.1.0
176 silly packumentCache full:https://registry.npmjs.org/media-typer cache-miss
177 http fetch GET 200 https://registry.npmjs.org/forwarded 143ms (cache updated)
178 silly packumentCache full:https://registry.npmjs.org/forwarded set size:undefined disposed:false
179 http cache https://registry.npmjs.org/mime-types 45ms (cache hit)
180 silly packumentCache full:https://registry.npmjs.org/mime-types set size:136716 disposed:false
181 http fetch GET 200 https://registry.npmjs.org/is-promise 79ms (cache miss)
182 silly packumentCache full:https://registry.npmjs.org/is-promise set size:undefined disposed:false
183 http fetch GET 200 https://registry.npmjs.org/ipaddr.js 142ms (cache updated)
184 silly packumentCache full:https://registry.npmjs.org/ipaddr.js set size:undefined disposed:false
185 http fetch GET 200 https://registry.npmjs.org/media-typer 93ms (cache updated)
186 silly packumentCache full:https://registry.npmjs.org/media-typer set size:undefined disposed:false
187 http fetch GET 200 https://registry.npmjs.org/path-to-regexp 116ms (cache updated)
188 silly packumentCache full:https://registry.npmjs.org/path-to-regexp set size:undefined disposed:false
189 http fetch GET 200 https://registry.npmjs.org/side-channel 150ms (cache updated)
190 silly packumentCache full:https://registry.npmjs.org/side-channel set size:undefined disposed:false
191 silly placeDep node_modules/accepts mime-types@3.0.1 OK for: accepts@2.0.0 want: ^3.0.0
192 silly placeDep ROOT negotiator@1.0.0 OK for: accepts@2.0.0 want: ^1.0.0
193 silly placeDep ROOT bytes@3.1.2 OK for: body-parser@2.2.0 want: ^3.1.2
194 silly placeDep ROOT iconv-lite@0.6.3 OK for: body-parser@2.2.0 want: ^0.6.3
195 silly placeDep ROOT raw-body@3.0.0 OK for: body-parser@2.2.0 want: ^3.0.0
196 silly fetch manifest safer-buffer@>= 2.1.2 < 3.0.0
197 silly packumentCache full:https://registry.npmjs.org/safer-buffer cache-miss
198 silly fetch manifest unpipe@1.0.0
199 silly packumentCache full:https://registry.npmjs.org/unpipe cache-miss
200 http fetch GET 200 https://registry.npmjs.org/unpipe 70ms (cache updated)
201 silly packumentCache full:https://registry.npmjs.org/unpipe set size:undefined disposed:false
202 http fetch GET 200 https://registry.npmjs.org/safer-buffer 74ms (cache updated)
203 silly packumentCache full:https://registry.npmjs.org/safer-buffer set size:undefined disposed:false
204 silly placeDep ROOT safer-buffer@2.1.2 OK for: iconv-lite@0.6.3 want: >= 2.1.2 < 3.0.0
205 silly placeDep ROOT ee-first@1.1.1 OK for: on-finished@2.4.1 want: 1.1.1
206 silly placeDep ROOT forwarded@0.2.0 OK for: proxy-addr@2.0.7 want: 0.2.0
207 silly placeDep ROOT ipaddr.js@1.9.1 OK for: proxy-addr@2.0.7 want: 1.9.1
208 silly placeDep ROOT side-channel@1.1.0 OK for: qs@6.14.0 want: ^1.1.0
209 silly fetch manifest object-inspect@^1.13.3
210 silly packumentCache full:https://registry.npmjs.org/object-inspect cache-miss
211 silly fetch manifest side-channel-list@^1.0.0
212 silly packumentCache full:https://registry.npmjs.org/side-channel-list cache-miss
213 silly fetch manifest side-channel-map@^1.0.1
214 silly packumentCache full:https://registry.npmjs.org/side-channel-map cache-miss
215 silly fetch manifest side-channel-weakmap@^1.0.2
216 silly packumentCache full:https://registry.npmjs.org/side-channel-weakmap cache-miss
217 http fetch GET 200 https://registry.npmjs.org/side-channel-list 72ms (cache updated)
218 silly packumentCache full:https://registry.npmjs.org/side-channel-list set size:undefined disposed:false
219 http fetch GET 200 https://registry.npmjs.org/side-channel-weakmap 71ms (cache updated)
220 silly packumentCache full:https://registry.npmjs.org/side-channel-weakmap set size:undefined disposed:false
221 http fetch GET 200 https://registry.npmjs.org/side-channel-map 74ms (cache updated)
222 silly packumentCache full:https://registry.npmjs.org/side-channel-map set size:undefined disposed:false
223 http fetch GET 200 https://registry.npmjs.org/object-inspect 99ms (cache updated)
224 silly packumentCache full:https://registry.npmjs.org/object-inspect set size:undefined disposed:false
225 silly placeDep ROOT unpipe@1.0.0 OK for: raw-body@3.0.0 want: 1.0.0
226 silly placeDep ROOT is-promise@4.0.0 OK for: router@2.2.0 want: ^4.0.0
227 silly placeDep ROOT path-to-regexp@8.2.0 OK for: router@2.2.0 want: ^8.0.0
228 silly placeDep node_modules/send mime-types@3.0.1 OK for: send@1.2.0 want: ^3.0.1
229 silly placeDep ROOT object-inspect@1.13.4 OK for: side-channel@1.1.0 want: ^1.13.3
230 silly placeDep ROOT side-channel-list@1.0.0 OK for: side-channel@1.1.0 want: ^1.0.0
231 silly placeDep ROOT side-channel-map@1.0.1 OK for: side-channel@1.1.0 want: ^1.0.1
232 silly placeDep ROOT side-channel-weakmap@1.0.2 OK for: side-channel@1.1.0 want: ^1.0.2
233 silly fetch manifest call-bound@^1.0.2
234 silly packumentCache full:https://registry.npmjs.org/call-bound cache-miss
235 silly fetch manifest call-bound@^1.0.2
236 silly packumentCache full:https://registry.npmjs.org/call-bound cache-miss
237 http fetch GET 200 https://registry.npmjs.org/call-bound 62ms (cache updated)
238 silly packumentCache full:https://registry.npmjs.org/call-bound set size:undefined disposed:false
239 http fetch GET 200 https://registry.npmjs.org/call-bound 70ms (cache updated)
240 silly packumentCache full:https://registry.npmjs.org/call-bound set size:undefined disposed:false
241 silly placeDep ROOT call-bound@1.0.4 OK for: side-channel-map@1.0.1 want: ^1.0.2
242 silly placeDep ROOT media-typer@1.1.0 OK for: type-is@2.0.1 want: ^1.1.0
243 silly placeDep node_modules/type-is mime-types@3.0.1 OK for: type-is@2.0.1 want: ^3.0.0
244 silly placeDep node_modules/accepts mime-db@1.54.0 OK for: mime-types@3.0.1 want: ^1.54.0
245 silly placeDep node_modules/express mime-db@1.54.0 OK for: mime-types@3.0.1 want: ^1.54.0
246 silly placeDep node_modules/send mime-db@1.54.0 OK for: mime-types@3.0.1 want: ^1.54.0
247 silly placeDep node_modules/type-is mime-db@1.54.0 OK for: mime-types@3.0.1 want: ^1.54.0
248 silly reify moves {}
249 silly audit bulk request {
249 silly audit   '@discordjs/builders': [ '1.10.1', '0.16.0' ],
249 silly audit   '@discordjs/collection': [ '1.5.3', '2.1.1', '0.7.0' ],
249 silly audit   '@discordjs/formatters': [ '0.6.0' ],
249 silly audit   '@discordjs/rest': [ '2.4.3' ],
249 silly audit   '@discordjs/util': [ '1.1.1' ],
249 silly audit   '@discordjs/ws': [ '1.2.1' ],
249 silly audit   '@effect/data': [ '0.17.6' ],
249 silly audit   '@effect/schema': [ '0.49.4' ],
249 silly audit   '@lavaclient/queue': [ '2.1.1' ],
249 silly audit   '@lavaclient/spotify': [ '3.1.0' ],
249 silly audit   '@lavaclient/types': [ '2.1.1' ],
249 silly audit   '@mongodb-js/saslprep': [ '1.2.2' ],
249 silly audit   '@sapphire/async-queue': [ '1.5.5' ],
249 silly audit   '@sapphire/shapeshift': [ '4.0.0', '3.9.7' ],
249 silly audit   '@sapphire/snowflake': [ '3.5.3' ],
249 silly audit   '@sourcebin/linguist': [ '0.0.3' ],
249 silly audit   '@types/http-errors': [ '1.8.2' ],
249 silly audit   '@types/node': [ '22.14.1' ],
249 silly audit   '@types/node-fetch': [ '2.6.12' ],
249 silly audit   '@types/webidl-conversions': [ '7.0.3' ],
249 silly audit   '@types/whatwg-url': [ '11.0.5' ],
249 silly audit   '@types/ws': [ '8.18.1' ],
249 silly audit   '@vitalets/google-translate-api': [ '9.2.1' ],
249 silly audit   '@vladfrangu/async_event_emitter': [ '2.4.6' ],
249 silly audit   ajv: [ '8.17.1' ],
249 silly audit   'ansi-regex': [ '5.0.1' ],
249 silly audit   'ansi-styles': [ '4.3.0' ],
249 silly audit   'astral-regex': [ '2.0.0' ],
249 silly audit   asynckit: [ '0.4.0' ],
249 silly audit   'atomic-sleep': [ '1.0.0' ],
249 silly audit   bson: [ '6.10.3' ],
249 silly audit   'call-bind-apply-helpers': [ '1.0.2' ],
249 silly audit   'color-convert': [ '2.0.1' ],
249 silly audit   'color-name': [ '1.1.4' ],
249 silly audit   colorette: [ '2.0.20' ],
249 silly audit   'combined-stream': [ '1.0.8' ],
249 silly audit   'common-tags': [ '1.8.2' ],
249 silly audit   'country-emoji-languages': [ '1.0.1' ],
249 silly audit   dateformat: [ '4.6.3' ],
249 silly audit   debug: [ '4.4.0' ],
249 silly audit   'deepmerge-ts': [ '4.3.0' ],
249 silly audit   'delayed-stream': [ '1.0.0' ],
249 silly audit   depd: [ '2.0.0' ],
249 silly audit   'discord-api-types': [ '0.37.120', '0.36.3', '0.33.5' ],
249 silly audit   'discord-giveaways': [ '6.0.1' ],
249 silly audit   'discord-together': [ '1.3.31' ],
249 silly audit   'discord.js': [ '14.18.0', '13.17.1' ],
249 silly audit   dotenv: [ '16.5.0' ],
249 silly audit   'dunder-proto': [ '1.0.1' ],
249 silly audit   effect: [ '2.0.0-next.56' ],
249 silly audit   'emoji-regex': [ '8.0.0' ],
249 silly audit   'end-of-stream': [ '1.4.4' ],
249 silly audit   'enhanced-ms': [ '4.1.0' ],
249 silly audit   'es-define-property': [ '1.0.1' ],
249 silly audit   'es-errors': [ '1.3.0' ],
249 silly audit   'es-object-atoms': [ '1.1.1' ],
249 silly audit   'es-set-tostringtag': [ '2.1.0' ],
249 silly audit   'fast-check': [ '3.23.2' ],
249 silly audit   'fast-copy': [ '3.0.2' ],
249 silly audit   'fast-deep-equal': [ '3.1.3' ],
249 silly audit   'fast-redact': [ '3.5.0' ],
249 silly audit   'fast-safe-stringify': [ '2.1.1' ],
249 silly audit   'fast-uri': [ '3.0.6' ],
249 silly audit   'fixedsize-map': [ '1.1.0' ],
249 silly audit   'form-data': [ '4.0.2' ],
249 silly audit   'function-bind': [ '1.1.2' ],
249 silly audit   'get-intrinsic': [ '1.3.0' ],
249 silly audit   'get-proto': [ '1.0.1' ],
249 silly audit   gopd: [ '1.2.0' ],
249 silly audit   'has-symbols': [ '1.1.0' ],
249 silly audit   'has-tostringtag': [ '1.0.2' ],
249 silly audit   hasown: [ '2.0.2' ],
249 silly audit   'help-me': [ '5.0.0' ],
249 silly audit   'http-errors': [ '2.0.0' ],
249 silly audit   inherits: [ '2.0.4' ],
249 silly audit   'is-fullwidth-code-point': [ '3.0.0' ],
249 silly audit   'iso-639-1': [ '3.1.5' ],
249 silly audit   joycon: [ '3.1.1' ],
249 silly audit   'json-schema-traverse': [ '1.0.0' ],
249 silly audit   kareem: [ '2.6.3' ],
249 silly audit   lavaclient: [ '5.0.0-rc.3' ],
249 silly audit   'lavalink-api-client': [ '1.0.1' ],
249 silly audit   'lavalink-protocol': [ '1.0.2' ],
249 silly audit   'lavalink-ws-client': [ '1.0.1' ],
249 silly audit   lodash: [ '4.17.21' ],
249 silly audit   'lodash.snakecase': [ '4.1.1' ],
249 silly audit   'lodash.truncate': [ '4.4.2' ],
249 silly audit   'magic-bytes.js': [ '1.10.0' ],
249 silly audit   'math-intrinsics': [ '1.1.0' ],
249 silly audit   'memory-pager': [ '1.5.0' ],
249 silly audit   'mime-db': [ '1.52.0', '1.54.0' ],
249 silly audit   'mime-types': [ '2.1.35', '3.0.1' ],
249 silly audit   minimist: [ '1.2.8' ],
249 silly audit   'module-alias': [ '2.2.3' ],
249 silly audit   moment: [ '2.30.1' ],
249 silly audit   mongodb: [ '6.15.0' ],
249 silly audit   'mongodb-connection-string-url': [ '3.0.2' ],
249 silly audit   tr46: [ '5.1.0', '0.0.3' ],
249 silly audit   'webidl-conversions': [ '7.0.0', '3.0.1' ],
249 silly audit   'whatwg-url': [ '14.2.0', '5.0.0' ],
249 silly audit   mongoose: [ '8.13.2' ],
249 silly audit   mpath: [ '0.9.0' ],
249 silly audit   mquery: [ '5.0.0' ],
249 silly audit   ms: [ '2.1.3' ],
249 silly audit   'nekos.life': [ '3.0.0' ],
249 silly audit   'node-fetch': [ '2.7.0' ],
249 silly audit   'on-exit-leak-free': [ '2.1.2' ],
249 silly audit   once: [ '1.4.0' ],
249 silly audit   'parse-ms': [ '4.0.0' ],
249 silly audit   pino: [ '9.6.0' ],
249 silly audit   'pino-abstract-transport': [ '2.0.0' ],
249 silly audit   'pino-pretty': [ '13.0.0' ],
249 silly audit   'pino-std-serializers': [ '7.0.0' ],
249 silly audit   'pretty-ms': [ '9.2.0' ],
249 silly audit   'process-warning': [ '4.0.1' ],
249 silly audit   pump: [ '3.0.2' ],
249 silly audit   punycode: [ '2.3.1' ],
249 silly audit   'pure-rand': [ '6.1.0' ],
249 silly audit   'quick-format-unescaped': [ '4.0.4' ],
249 silly audit   randombytes: [ '2.1.0' ],
249 silly audit   'real-require': [ '0.2.0' ],
249 silly audit   'require-from-string': [ '2.0.2' ],
249 silly audit   rxjs: [ '7.8.2' ],
249 silly audit   'safe-buffer': [ '5.2.1' ],
249 silly audit   'safe-stable-stringify': [ '2.5.0' ],
249 silly audit   'secure-json-parse': [ '2.7.0' ],
249 silly audit   'serialize-javascript': [ '6.0.2' ],
249 silly audit   setprototypeof: [ '1.2.0' ],
249 silly audit   sift: [ '17.1.3' ],
249 silly audit   'slice-ansi': [ '4.0.0' ],
249 silly audit   snakecord: [ '1.0.9' ],
249 silly audit   'sonic-boom': [ '4.2.0' ],
249 silly audit   sourcebin_js: [ '0.0.3-ignore' ],
249 silly audit   'sparse-bitfield': [ '3.0.3' ],
249 silly audit   split2: [ '4.2.0' ],
249 silly audit   statuses: [ '2.0.1' ],
249 silly audit   'string-progressbar': [ '1.0.4' ],
249 silly audit   'string-width': [ '4.2.3' ],
249 silly audit   'strip-ansi': [ '6.0.1' ],
249 silly audit   'strip-json-comments': [ '3.1.1' ],
249 silly audit   table: [ '6.9.0' ],
249 silly audit   'thread-stream': [ '3.1.0' ],
249 silly audit   'timestamp-to-date': [ '1.1.0' ],
249 silly audit   'tiny-typed-emitter': [ '2.1.0' ],
249 silly audit   toidentifier: [ '1.0.1' ],
249 silly audit   'ts-mixer': [ '6.0.4' ],
249 silly audit   tslib: [ '2.8.1' ],
249 silly audit   'twemoji-parser': [ '14.0.0' ],
249 silly audit   'typed-emitter': [ '2.1.0' ],
249 silly audit   undici: [ '6.21.1' ],
249 silly audit   'undici-types': [ '6.21.0' ],
249 silly audit   wrappy: [ '1.0.2' ],
249 silly audit   ws: [ '8.18.1' ],
249 silly audit   express: [ '5.1.0' ],
249 silly audit   accepts: [ '2.0.0' ],
249 silly audit   'body-parser': [ '2.2.0' ],
249 silly audit   'content-disposition': [ '1.0.0' ],
249 silly audit   'content-type': [ '1.0.5' ],
249 silly audit   cookie: [ '0.7.2' ],
249 silly audit   'cookie-signature': [ '1.2.2' ],
249 silly audit   encodeurl: [ '2.0.0' ],
249 silly audit   'escape-html': [ '1.0.3' ],
249 silly audit   etag: [ '1.8.1' ],
249 silly audit   finalhandler: [ '2.1.0' ],
249 silly audit   fresh: [ '2.0.0' ],
249 silly audit   'merge-descriptors': [ '2.0.0' ],
249 silly audit   'on-finished': [ '2.4.1' ],
249 silly audit   parseurl: [ '1.3.3' ],
249 silly audit   'proxy-addr': [ '2.0.7' ],
249 silly audit   qs: [ '6.14.0' ],
249 silly audit   'range-parser': [ '1.2.1' ],
249 silly audit   router: [ '2.2.0' ],
249 silly audit   send: [ '1.2.0' ],
249 silly audit   'serve-static': [ '2.2.0' ],
249 silly audit   'type-is': [ '2.0.1' ],
249 silly audit   vary: [ '1.1.2' ],
249 silly audit   negotiator: [ '1.0.0' ],
249 silly audit   bytes: [ '3.1.2' ],
249 silly audit   'iconv-lite': [ '0.6.3' ],
249 silly audit   'raw-body': [ '3.0.0' ],
249 silly audit   'safer-buffer': [ '2.1.2' ],
249 silly audit   'ee-first': [ '1.1.1' ],
249 silly audit   forwarded: [ '0.2.0' ],
249 silly audit   'ipaddr.js': [ '1.9.1' ],
249 silly audit   'side-channel': [ '1.1.0' ],
249 silly audit   unpipe: [ '1.0.0' ],
249 silly audit   'is-promise': [ '4.0.0' ],
249 silly audit   'path-to-regexp': [ '8.2.0' ],
249 silly audit   'object-inspect': [ '1.13.4' ],
249 silly audit   'side-channel-list': [ '1.0.0' ],
249 silly audit   'side-channel-map': [ '1.0.1' ],
249 silly audit   'side-channel-weakmap': [ '1.0.2' ],
249 silly audit   'call-bound': [ '1.0.4' ],
249 silly audit   'media-typer': [ '1.1.0' ]
249 silly audit }
250 http cache media-typer@https://registry.npmjs.org/media-typer/-/media-typer-1.1.0.tgz 0ms (cache hit)
251 http cache call-bound@https://registry.npmjs.org/call-bound/-/call-bound-1.0.4.tgz 0ms (cache hit)
252 http cache side-channel-weakmap@https://registry.npmjs.org/side-channel-weakmap/-/side-channel-weakmap-1.0.2.tgz 0ms (cache hit)
253 http cache side-channel-map@https://registry.npmjs.org/side-channel-map/-/side-channel-map-1.0.1.tgz 0ms (cache hit)
254 http cache side-channel-list@https://registry.npmjs.org/side-channel-list/-/side-channel-list-1.0.0.tgz 0ms (cache hit)
255 http cache object-inspect@https://registry.npmjs.org/object-inspect/-/object-inspect-1.13.4.tgz 0ms (cache hit)
256 http cache path-to-regexp@https://registry.npmjs.org/path-to-regexp/-/path-to-regexp-8.2.0.tgz 0ms (cache hit)
257 http cache is-promise@https://registry.npmjs.org/is-promise/-/is-promise-4.0.0.tgz 0ms (cache hit)
258 http cache unpipe@https://registry.npmjs.org/unpipe/-/unpipe-1.0.0.tgz 0ms (cache hit)
259 http cache side-channel@https://registry.npmjs.org/side-channel/-/side-channel-1.1.0.tgz 0ms (cache hit)
260 http cache ipaddr.js@https://registry.npmjs.org/ipaddr.js/-/ipaddr.js-1.9.1.tgz 0ms (cache hit)
261 http cache forwarded@https://registry.npmjs.org/forwarded/-/forwarded-0.2.0.tgz 1ms (cache hit)
262 http cache ee-first@https://registry.npmjs.org/ee-first/-/ee-first-1.1.1.tgz 0ms (cache hit)
263 http cache safer-buffer@https://registry.npmjs.org/safer-buffer/-/safer-buffer-2.1.2.tgz 0ms (cache hit)
264 http cache iconv-lite@https://registry.npmjs.org/iconv-lite/-/iconv-lite-0.6.3.tgz 0ms (cache hit)
265 http cache bytes@https://registry.npmjs.org/bytes/-/bytes-3.1.2.tgz 1ms (cache hit)
266 http cache negotiator@https://registry.npmjs.org/negotiator/-/negotiator-1.0.0.tgz 0ms (cache hit)
267 http cache vary@https://registry.npmjs.org/vary/-/vary-1.1.2.tgz 0ms (cache hit)
268 http cache type-is@https://registry.npmjs.org/type-is/-/type-is-2.0.1.tgz 0ms (cache hit)
269 http cache send@https://registry.npmjs.org/send/-/send-1.2.0.tgz 0ms (cache hit)
270 http cache serve-static@https://registry.npmjs.org/serve-static/-/serve-static-2.2.0.tgz 0ms (cache hit)
271 http cache router@https://registry.npmjs.org/router/-/router-2.2.0.tgz 0ms (cache hit)
272 http cache range-parser@https://registry.npmjs.org/range-parser/-/range-parser-1.2.1.tgz 0ms (cache hit)
273 http cache qs@https://registry.npmjs.org/qs/-/qs-6.14.0.tgz 0ms (cache hit)
274 http cache proxy-addr@https://registry.npmjs.org/proxy-addr/-/proxy-addr-2.0.7.tgz 0ms (cache hit)
275 http cache parseurl@https://registry.npmjs.org/parseurl/-/parseurl-1.3.3.tgz 0ms (cache hit)
276 http cache on-finished@https://registry.npmjs.org/on-finished/-/on-finished-2.4.1.tgz 0ms (cache hit)
277 http cache merge-descriptors@https://registry.npmjs.org/merge-descriptors/-/merge-descriptors-2.0.0.tgz 0ms (cache hit)
278 http cache fresh@https://registry.npmjs.org/fresh/-/fresh-2.0.0.tgz 1ms (cache hit)
279 http cache finalhandler@https://registry.npmjs.org/finalhandler/-/finalhandler-2.1.0.tgz 0ms (cache hit)
280 http cache etag@https://registry.npmjs.org/etag/-/etag-1.8.1.tgz 0ms (cache hit)
281 http cache escape-html@https://registry.npmjs.org/escape-html/-/escape-html-1.0.3.tgz 0ms (cache hit)
282 http cache encodeurl@https://registry.npmjs.org/encodeurl/-/encodeurl-2.0.0.tgz 0ms (cache hit)
283 http cache cookie-signature@https://registry.npmjs.org/cookie-signature/-/cookie-signature-1.2.2.tgz 0ms (cache hit)
284 http cache cookie@https://registry.npmjs.org/cookie/-/cookie-0.7.2.tgz 0ms (cache hit)
285 http cache content-type@https://registry.npmjs.org/content-type/-/content-type-1.0.5.tgz 0ms (cache hit)
286 http cache content-disposition@https://registry.npmjs.org/content-disposition/-/content-disposition-1.0.0.tgz 0ms (cache hit)
287 http cache body-parser@https://registry.npmjs.org/body-parser/-/body-parser-2.2.0.tgz 0ms (cache hit)
288 http cache accepts@https://registry.npmjs.org/accepts/-/accepts-2.0.0.tgz 0ms (cache hit)
289 http cache express@https://registry.npmjs.org/express/-/express-5.1.0.tgz 0ms (cache hit)
290 http cache mime-db@https://registry.npmjs.org/mime-db/-/mime-db-1.54.0.tgz 0ms (cache hit)
291 http cache mime-db@https://registry.npmjs.org/mime-db/-/mime-db-1.54.0.tgz 0ms (cache hit)
292 http cache raw-body@https://registry.npmjs.org/raw-body/-/raw-body-3.0.0.tgz 0ms (cache hit)
293 http cache mime-types@https://registry.npmjs.org/mime-types/-/mime-types-3.0.1.tgz 0ms (cache hit)
294 http cache mime-db@https://registry.npmjs.org/mime-db/-/mime-db-1.54.0.tgz 0ms (cache hit)
295 http cache mime-types@https://registry.npmjs.org/mime-types/-/mime-types-3.0.1.tgz 0ms (cache hit)
296 http cache mime-types@https://registry.npmjs.org/mime-types/-/mime-types-3.0.1.tgz 0ms (cache hit)
297 http cache mime-types@https://registry.npmjs.org/mime-types/-/mime-types-3.0.1.tgz 0ms (cache hit)
298 http cache mime-db@https://registry.npmjs.org/mime-db/-/mime-db-1.54.0.tgz 1ms (cache hit)
299 silly tarball no local data for media-typer@https://registry.npmjs.org/media-typer/-/media-typer-1.1.0.tgz. Extracting by manifest.
300 silly tarball no local data for path-to-regexp@https://registry.npmjs.org/path-to-regexp/-/path-to-regexp-8.2.0.tgz. Extracting by manifest.
301 silly tarball no local data for is-promise@https://registry.npmjs.org/is-promise/-/is-promise-4.0.0.tgz. Extracting by manifest.
302 silly tarball no local data for negotiator@https://registry.npmjs.org/negotiator/-/negotiator-1.0.0.tgz. Extracting by manifest.
303 silly tarball no local data for type-is@https://registry.npmjs.org/type-is/-/type-is-2.0.1.tgz. Extracting by manifest.
304 silly tarball no local data for send@https://registry.npmjs.org/send/-/send-1.2.0.tgz. Extracting by manifest.
305 silly tarball no local data for serve-static@https://registry.npmjs.org/serve-static/-/serve-static-2.2.0.tgz. Extracting by manifest.
306 silly tarball no local data for router@https://registry.npmjs.org/router/-/router-2.2.0.tgz. Extracting by manifest.
307 silly tarball no local data for qs@https://registry.npmjs.org/qs/-/qs-6.14.0.tgz. Extracting by manifest.
308 silly tarball no local data for merge-descriptors@https://registry.npmjs.org/merge-descriptors/-/merge-descriptors-2.0.0.tgz. Extracting by manifest.
309 silly tarball no local data for fresh@https://registry.npmjs.org/fresh/-/fresh-2.0.0.tgz. Extracting by manifest.
310 silly tarball no local data for finalhandler@https://registry.npmjs.org/finalhandler/-/finalhandler-2.1.0.tgz. Extracting by manifest.
311 silly tarball no local data for cookie-signature@https://registry.npmjs.org/cookie-signature/-/cookie-signature-1.2.2.tgz. Extracting by manifest.
312 silly tarball no local data for content-disposition@https://registry.npmjs.org/content-disposition/-/content-disposition-1.0.0.tgz. Extracting by manifest.
313 silly tarball no local data for body-parser@https://registry.npmjs.org/body-parser/-/body-parser-2.2.0.tgz. Extracting by manifest.
314 silly tarball no local data for accepts@https://registry.npmjs.org/accepts/-/accepts-2.0.0.tgz. Extracting by manifest.
315 silly tarball no local data for express@https://registry.npmjs.org/express/-/express-5.1.0.tgz. Extracting by manifest.
316 silly tarball no local data for mime-db@https://registry.npmjs.org/mime-db/-/mime-db-1.54.0.tgz. Extracting by manifest.
317 silly tarball no local data for mime-db@https://registry.npmjs.org/mime-db/-/mime-db-1.54.0.tgz. Extracting by manifest.
318 silly tarball no local data for raw-body@https://registry.npmjs.org/raw-body/-/raw-body-3.0.0.tgz. Extracting by manifest.
319 silly tarball no local data for mime-types@https://registry.npmjs.org/mime-types/-/mime-types-3.0.1.tgz. Extracting by manifest.
320 silly tarball no local data for mime-db@https://registry.npmjs.org/mime-db/-/mime-db-1.54.0.tgz. Extracting by manifest.
321 silly tarball no local data for mime-types@https://registry.npmjs.org/mime-types/-/mime-types-3.0.1.tgz. Extracting by manifest.
322 silly tarball no local data for mime-types@https://registry.npmjs.org/mime-types/-/mime-types-3.0.1.tgz. Extracting by manifest.
323 silly tarball no local data for mime-types@https://registry.npmjs.org/mime-types/-/mime-types-3.0.1.tgz. Extracting by manifest.
324 silly tarball no local data for mime-db@https://registry.npmjs.org/mime-db/-/mime-db-1.54.0.tgz. Extracting by manifest.
325 http fetch POST 200 https://registry.npmjs.org/-/npm/v1/security/advisories/bulk 442ms
326 silly audit report {}
327 http fetch GET 200 https://registry.npmjs.org/path-to-regexp/-/path-to-regexp-8.2.0.tgz 776ms (cache miss)
328 http fetch GET 200 https://registry.npmjs.org/media-typer/-/media-typer-1.1.0.tgz 782ms (cache miss)
329 http fetch GET 200 https://registry.npmjs.org/is-promise/-/is-promise-4.0.0.tgz 777ms (cache miss)
330 http fetch GET 200 https://registry.npmjs.org/type-is/-/type-is-2.0.1.tgz 785ms (cache miss)
331 http fetch GET 200 https://registry.npmjs.org/negotiator/-/negotiator-1.0.0.tgz 788ms (cache miss)
332 http fetch GET 200 https://registry.npmjs.org/accepts/-/accepts-2.0.0.tgz 766ms (cache miss)
333 http fetch GET 200 https://registry.npmjs.org/body-parser/-/body-parser-2.2.0.tgz 779ms (cache miss)
334 http fetch GET 200 https://registry.npmjs.org/send/-/send-1.2.0.tgz 800ms (cache miss)
335 http fetch GET 200 https://registry.npmjs.org/mime-types/-/mime-types-3.0.1.tgz 776ms (cache miss)
336 http fetch GET 200 https://registry.npmjs.org/raw-body/-/raw-body-3.0.0.tgz 797ms (cache miss)
337 http fetch GET 200 https://registry.npmjs.org/mime-types/-/mime-types-3.0.1.tgz 803ms (cache miss)
338 http fetch GET 200 https://registry.npmjs.org/mime-types/-/mime-types-3.0.1.tgz 809ms (cache miss)
339 http fetch GET 200 https://registry.npmjs.org/mime-types/-/mime-types-3.0.1.tgz 808ms (cache miss)
340 http fetch GET 200 https://registry.npmjs.org/merge-descriptors/-/merge-descriptors-2.0.0.tgz 832ms (cache miss)
341 http fetch GET 200 https://registry.npmjs.org/fresh/-/fresh-2.0.0.tgz 836ms (cache miss)
342 http fetch GET 200 https://registry.npmjs.org/cookie-signature/-/cookie-signature-1.2.2.tgz 833ms (cache miss)
343 http fetch GET 200 https://registry.npmjs.org/finalhandler/-/finalhandler-2.1.0.tgz 840ms (cache miss)
344 http fetch GET 200 https://registry.npmjs.org/mime-db/-/mime-db-1.54.0.tgz 835ms (cache miss)
345 http fetch GET 200 https://registry.npmjs.org/serve-static/-/serve-static-2.2.0.tgz 865ms (cache miss)
346 http fetch GET 200 https://registry.npmjs.org/content-disposition/-/content-disposition-1.0.0.tgz 853ms (cache miss)
347 http fetch GET 200 https://registry.npmjs.org/mime-db/-/mime-db-1.54.0.tgz 860ms (cache miss)
348 http fetch GET 200 https://registry.npmjs.org/mime-db/-/mime-db-1.54.0.tgz 860ms (cache miss)
349 http fetch GET 200 https://registry.npmjs.org/mime-db/-/mime-db-1.54.0.tgz 851ms (cache miss)
350 http fetch GET 200 https://registry.npmjs.org/router/-/router-2.2.0.tgz 893ms (cache miss)
351 http fetch GET 200 https://registry.npmjs.org/express/-/express-5.1.0.tgz 888ms (cache miss)
352 http fetch GET 200 https://registry.npmjs.org/qs/-/qs-6.14.0.tgz 933ms (cache miss)
353 silly ADD node_modules/media-typer
354 silly ADD node_modules/call-bound
355 silly ADD node_modules/side-channel-weakmap
356 silly ADD node_modules/side-channel-map
357 silly ADD node_modules/side-channel-list
358 silly ADD node_modules/object-inspect
359 silly ADD node_modules/path-to-regexp
360 silly ADD node_modules/is-promise
361 silly ADD node_modules/unpipe
362 silly ADD node_modules/side-channel
363 silly ADD node_modules/ipaddr.js
364 silly ADD node_modules/forwarded
365 silly ADD node_modules/ee-first
366 silly ADD node_modules/safer-buffer
367 silly ADD node_modules/raw-body
368 silly ADD node_modules/iconv-lite
369 silly ADD node_modules/bytes
370 silly ADD node_modules/negotiator
371 silly ADD node_modules/vary
372 silly ADD node_modules/type-is
373 silly ADD node_modules/type-is/node_modules/mime-db
374 silly ADD node_modules/type-is/node_modules/mime-types
375 silly ADD node_modules/serve-static
376 silly ADD node_modules/send
377 silly ADD node_modules/send/node_modules/mime-db
378 silly ADD node_modules/send/node_modules/mime-types
379 silly ADD node_modules/router
380 silly ADD node_modules/range-parser
381 silly ADD node_modules/qs
382 silly ADD node_modules/proxy-addr
383 silly ADD node_modules/parseurl
384 silly ADD node_modules/on-finished
385 silly ADD node_modules/merge-descriptors
386 silly ADD node_modules/fresh
387 silly ADD node_modules/finalhandler
388 silly ADD node_modules/etag
389 silly ADD node_modules/escape-html
390 silly ADD node_modules/encodeurl
391 silly ADD node_modules/cookie-signature
392 silly ADD node_modules/cookie
393 silly ADD node_modules/content-type
394 silly ADD node_modules/content-disposition
395 silly ADD node_modules/body-parser
396 silly ADD node_modules/accepts
397 silly ADD node_modules/accepts/node_modules/mime-db
398 silly ADD node_modules/accepts/node_modules/mime-types
399 silly ADD node_modules/express
400 silly ADD node_modules/express/node_modules/mime-db
401 silly ADD node_modules/express/node_modules/mime-types
402 verbose cwd /data/data/com.termux/files/home/pakistan-raid/YukiBot/discord-js-bot
403 verbose os Linux 4.19.191-perf-g83a4fd2b1ed4
404 verbose node v23.11.0
405 verbose npm  v10.9.2
406 verbose exit 0
407 info ok
