0 verbose cli /data/data/com.termux/files/usr/bin/node /data/data/com.termux/files/usr/bin/npm
1 info using npm@10.9.2
2 info using node@v23.11.0
3 silly config load:file:/data/data/com.termux/files/usr/lib/node_modules/npm/npmrc
4 silly config load:file:/data/data/com.termux/files/home/pakistan-raid/YukiBot/discord-js-bot/.npmrc
5 silly config load:file:/data/data/com.termux/files/home/.npmrc
6 silly config load:file:/data/data/com.termux/files/usr/etc/npmrc
7 verbose title npm i express-session
8 verbose argv "i" "express-session"
9 verbose logfile logs-max:10 dir:/data/data/com.termux/files/home/.npm/_logs/2025-04-11T22_59_17_353Z-
10 verbose logfile /data/data/com.termux/files/home/.npm/_logs/2025-04-11T22_59_17_353Z-debug-0.log
11 silly logfile start cleaning logs, removing 1 files
12 silly packumentCache heap:1098907648 maxSize:274726912 maxEntrySize:137363456
13 silly logfile done cleaning log files
14 silly idealTree buildDeps
15 silly fetch manifest express-session@*
16 silly packumentCache full:https://registry.npmjs.org/express-session cache-miss
17 http fetch GET 200 https://registry.npmjs.org/express-session 535ms (cache updated)
18 silly packumentCache full:https://registry.npmjs.org/express-session set size:undefined disposed:false
19 silly placeDep ROOT express-session@1.18.1 OK for: seu-bot-topzera@1.0.0 want: *
20 silly fetch manifest debug@2.6.9
21 silly packumentCache full:https://registry.npmjs.org/debug cache-miss
22 silly fetch manifest uid-safe@~2.1.5
23 silly packumentCache full:https://registry.npmjs.org/uid-safe cache-miss
24 silly fetch manifest on-headers@~1.0.2
25 silly packumentCache full:https://registry.npmjs.org/on-headers cache-miss
26 silly fetch manifest cookie-signature@1.0.7
27 silly packumentCache full:https://registry.npmjs.org/cookie-signature cache-miss
28 http cache https://registry.npmjs.org/cookie-signature 85ms (cache hit)
29 silly packumentCache full:https://registry.npmjs.org/cookie-signature set size:21777 disposed:false
30 http fetch GET 200 https://registry.npmjs.org/debug 164ms (cache updated)
31 silly packumentCache full:https://registry.npmjs.org/debug set size:undefined disposed:false
32 http fetch GET 200 https://registry.npmjs.org/on-headers 214ms (cache updated)
33 silly packumentCache full:https://registry.npmjs.org/on-headers set size:undefined disposed:false
34 http fetch GET 200 https://registry.npmjs.org/uid-safe 221ms (cache updated)
35 silly packumentCache full:https://registry.npmjs.org/uid-safe set size:undefined disposed:false
36 silly placeDep node_modules/express-session cookie-signature@1.0.7 OK for: express-session@1.18.1 want: 1.0.7
37 silly placeDep node_modules/express-session debug@2.6.9 OK for: express-session@1.18.1 want: 2.6.9
38 silly placeDep ROOT on-headers@1.0.2 OK for: express-session@1.18.1 want: ~1.0.2
39 silly placeDep ROOT uid-safe@2.1.5 OK for: express-session@1.18.1 want: ~2.1.5
40 silly fetch manifest ms@2.0.0
41 silly packumentCache full:https://registry.npmjs.org/ms cache-miss
42 silly fetch manifest random-bytes@~1.0.0
43 silly packumentCache full:https://registry.npmjs.org/random-bytes cache-miss
44 http fetch GET 200 https://registry.npmjs.org/ms 103ms (cache updated)
45 silly packumentCache full:https://registry.npmjs.org/ms set size:undefined disposed:false
46 http fetch GET 200 https://registry.npmjs.org/random-bytes 706ms (cache updated)
47 silly packumentCache full:https://registry.npmjs.org/random-bytes set size:undefined disposed:false
48 silly placeDep ROOT random-bytes@1.0.0 OK for: uid-safe@2.1.5 want: ~1.0.0
49 silly placeDep node_modules/express-session ms@2.0.0 OK for: debug@2.6.9 want: 2.0.0
50 silly reify moves {}
51 silly audit bulk request {
51 silly audit   '@discordjs/builders': [ '1.10.1', '0.16.0' ],
51 silly audit   '@discordjs/collection': [ '1.5.3', '2.1.1', '0.7.0' ],
51 silly audit   '@discordjs/formatters': [ '0.6.0' ],
51 silly audit   '@discordjs/rest': [ '2.4.3' ],
51 silly audit   '@discordjs/util': [ '1.1.1' ],
51 silly audit   '@discordjs/ws': [ '1.2.1' ],
51 silly audit   '@effect/data': [ '0.17.6' ],
51 silly audit   '@effect/schema': [ '0.49.4' ],
51 silly audit   '@lavaclient/queue': [ '2.1.1' ],
51 silly audit   '@lavaclient/spotify': [ '3.1.0' ],
51 silly audit   '@lavaclient/types': [ '2.1.1' ],
51 silly audit   '@mongodb-js/saslprep': [ '1.2.2' ],
51 silly audit   '@sapphire/async-queue': [ '1.5.5' ],
51 silly audit   '@sapphire/shapeshift': [ '4.0.0', '3.9.7' ],
51 silly audit   '@sapphire/snowflake': [ '3.5.3' ],
51 silly audit   '@sourcebin/linguist': [ '0.0.3' ],
51 silly audit   '@types/http-errors': [ '1.8.2' ],
51 silly audit   '@types/node': [ '22.14.1' ],
51 silly audit   '@types/node-fetch': [ '2.6.12' ],
51 silly audit   '@types/webidl-conversions': [ '7.0.3' ],
51 silly audit   '@types/whatwg-url': [ '11.0.5' ],
51 silly audit   '@types/ws': [ '8.18.1' ],
51 silly audit   '@vitalets/google-translate-api': [ '9.2.1' ],
51 silly audit   '@vladfrangu/async_event_emitter': [ '2.4.6' ],
51 silly audit   accepts: [ '2.0.0' ],
51 silly audit   'mime-db': [ '1.54.0', '1.52.0' ],
51 silly audit   'mime-types': [ '3.0.1', '2.1.35' ],
51 silly audit   ajv: [ '8.17.1' ],
51 silly audit   'ansi-regex': [ '5.0.1' ],
51 silly audit   'ansi-styles': [ '4.3.0' ],
51 silly audit   'astral-regex': [ '2.0.0' ],
51 silly audit   asynckit: [ '0.4.0' ],
51 silly audit   'atomic-sleep': [ '1.0.0' ],
51 silly audit   'body-parser': [ '2.2.0' ],
51 silly audit   bson: [ '6.10.3' ],
51 silly audit   bytes: [ '3.1.2' ],
51 silly audit   'call-bind-apply-helpers': [ '1.0.2' ],
51 silly audit   'call-bound': [ '1.0.4' ],
51 silly audit   'color-convert': [ '2.0.1' ],
51 silly audit   'color-name': [ '1.1.4' ],
51 silly audit   colorette: [ '2.0.20' ],
51 silly audit   'combined-stream': [ '1.0.8' ],
51 silly audit   'common-tags': [ '1.8.2' ],
51 silly audit   'content-disposition': [ '1.0.0' ],
51 silly audit   'content-type': [ '1.0.5' ],
51 silly audit   cookie: [ '0.7.2' ],
51 silly audit   'cookie-signature': [ '1.2.2', '1.0.7' ],
51 silly audit   'country-emoji-languages': [ '1.0.1' ],
51 silly audit   dateformat: [ '4.6.3' ],
51 silly audit   debug: [ '4.4.0', '2.6.9' ],
51 silly audit   'deepmerge-ts': [ '4.3.0' ],
51 silly audit   'delayed-stream': [ '1.0.0' ],
51 silly audit   depd: [ '2.0.0' ],
51 silly audit   'discord-api-types': [ '0.37.120', '0.36.3', '0.33.5' ],
51 silly audit   'discord-giveaways': [ '6.0.1' ],
51 silly audit   'discord-together': [ '1.3.31' ],
51 silly audit   'discord.js': [ '14.18.0', '13.17.1' ],
51 silly audit   dotenv: [ '16.5.0' ],
51 silly audit   'dunder-proto': [ '1.0.1' ],
51 silly audit   'ee-first': [ '1.1.1' ],
51 silly audit   effect: [ '2.0.0-next.56' ],
51 silly audit   'emoji-regex': [ '8.0.0' ],
51 silly audit   encodeurl: [ '2.0.0' ],
51 silly audit   'end-of-stream': [ '1.4.4' ],
51 silly audit   'enhanced-ms': [ '4.1.0' ],
51 silly audit   'es-define-property': [ '1.0.1' ],
51 silly audit   'es-errors': [ '1.3.0' ],
51 silly audit   'es-object-atoms': [ '1.1.1' ],
51 silly audit   'es-set-tostringtag': [ '2.1.0' ],
51 silly audit   'escape-html': [ '1.0.3' ],
51 silly audit   etag: [ '1.8.1' ],
51 silly audit   express: [ '5.1.0' ],
51 silly audit   'fast-check': [ '3.23.2' ],
51 silly audit   'fast-copy': [ '3.0.2' ],
51 silly audit   'fast-deep-equal': [ '3.1.3' ],
51 silly audit   'fast-redact': [ '3.5.0' ],
51 silly audit   'fast-safe-stringify': [ '2.1.1' ],
51 silly audit   'fast-uri': [ '3.0.6' ],
51 silly audit   finalhandler: [ '2.1.0' ],
51 silly audit   'fixedsize-map': [ '1.1.0' ],
51 silly audit   'form-data': [ '4.0.2' ],
51 silly audit   forwarded: [ '0.2.0' ],
51 silly audit   fresh: [ '2.0.0' ],
51 silly audit   'function-bind': [ '1.1.2' ],
51 silly audit   'get-intrinsic': [ '1.3.0' ],
51 silly audit   'get-proto': [ '1.0.1' ],
51 silly audit   gopd: [ '1.2.0' ],
51 silly audit   'has-symbols': [ '1.1.0' ],
51 silly audit   'has-tostringtag': [ '1.0.2' ],
51 silly audit   hasown: [ '2.0.2' ],
51 silly audit   'help-me': [ '5.0.0' ],
51 silly audit   'http-errors': [ '2.0.0' ],
51 silly audit   'iconv-lite': [ '0.6.3' ],
51 silly audit   inherits: [ '2.0.4' ],
51 silly audit   'ipaddr.js': [ '1.9.1' ],
51 silly audit   'is-fullwidth-code-point': [ '3.0.0' ],
51 silly audit   'is-promise': [ '4.0.0' ],
51 silly audit   'iso-639-1': [ '3.1.5' ],
51 silly audit   joycon: [ '3.1.1' ],
51 silly audit   'json-schema-traverse': [ '1.0.0' ],
51 silly audit   kareem: [ '2.6.3' ],
51 silly audit   lavaclient: [ '5.0.0-rc.3' ],
51 silly audit   'lavalink-api-client': [ '1.0.1' ],
51 silly audit   'lavalink-protocol': [ '1.0.2' ],
51 silly audit   'lavalink-ws-client': [ '1.0.1' ],
51 silly audit   lodash: [ '4.17.21' ],
51 silly audit   'lodash.snakecase': [ '4.1.1' ],
51 silly audit   'lodash.truncate': [ '4.4.2' ],
51 silly audit   'magic-bytes.js': [ '1.10.0' ],
51 silly audit   'math-intrinsics': [ '1.1.0' ],
51 silly audit   'media-typer': [ '1.1.0' ],
51 silly audit   'memory-pager': [ '1.5.0' ],
51 silly audit   'merge-descriptors': [ '2.0.0' ],
51 silly audit   minimist: [ '1.2.8' ],
51 silly audit   'module-alias': [ '2.2.3' ],
51 silly audit   moment: [ '2.30.1' ],
51 silly audit   mongodb: [ '6.15.0' ],
51 silly audit   'mongodb-connection-string-url': [ '3.0.2' ],
51 silly audit   tr46: [ '5.1.0', '0.0.3' ],
51 silly audit   'webidl-conversions': [ '7.0.0', '3.0.1' ],
51 silly audit   'whatwg-url': [ '14.2.0', '5.0.0' ],
51 silly audit   mongoose: [ '8.13.2' ],
51 silly audit   mpath: [ '0.9.0' ],
51 silly audit   mquery: [ '5.0.0' ],
51 silly audit   ms: [ '2.1.3', '2.0.0' ],
51 silly audit   negotiator: [ '1.0.0' ],
51 silly audit   'nekos.life': [ '3.0.0' ],
51 silly audit   'node-fetch': [ '2.7.0' ],
51 silly audit   'object-inspect': [ '1.13.4' ],
51 silly audit   'on-exit-leak-free': [ '2.1.2' ],
51 silly audit   'on-finished': [ '2.4.1' ],
51 silly audit   once: [ '1.4.0' ],
51 silly audit   'parse-ms': [ '4.0.0' ],
51 silly audit   parseurl: [ '1.3.3' ],
51 silly audit   'path-to-regexp': [ '8.2.0' ],
51 silly audit   pino: [ '9.6.0' ],
51 silly audit   'pino-abstract-transport': [ '2.0.0' ],
51 silly audit   'pino-pretty': [ '13.0.0' ],
51 silly audit   'pino-std-serializers': [ '7.0.0' ],
51 silly audit   'pretty-ms': [ '9.2.0' ],
51 silly audit   'process-warning': [ '4.0.1' ],
51 silly audit   'proxy-addr': [ '2.0.7' ],
51 silly audit   pump: [ '3.0.2' ],
51 silly audit   punycode: [ '2.3.1' ],
51 silly audit   'pure-rand': [ '6.1.0' ],
51 silly audit   qs: [ '6.14.0' ],
51 silly audit   'quick-format-unescaped': [ '4.0.4' ],
51 silly audit   randombytes: [ '2.1.0' ],
51 silly audit   'range-parser': [ '1.2.1' ],
51 silly audit   'raw-body': [ '3.0.0' ],
51 silly audit   'real-require': [ '0.2.0' ],
51 silly audit   'require-from-string': [ '2.0.2' ],
51 silly audit   router: [ '2.2.0' ],
51 silly audit   rxjs: [ '7.8.2' ],
51 silly audit   'safe-buffer': [ '5.2.1' ],
51 silly audit   'safe-stable-stringify': [ '2.5.0' ],
51 silly audit   'safer-buffer': [ '2.1.2' ],
51 silly audit   'secure-json-parse': [ '2.7.0' ],
51 silly audit   send: [ '1.2.0' ],
51 silly audit   'serialize-javascript': [ '6.0.2' ],
51 silly audit   'serve-static': [ '2.2.0' ],
51 silly audit   setprototypeof: [ '1.2.0' ],
51 silly audit   'side-channel': [ '1.1.0' ],
51 silly audit   'side-channel-list': [ '1.0.0' ],
51 silly audit   'side-channel-map': [ '1.0.1' ],
51 silly audit   'side-channel-weakmap': [ '1.0.2' ],
51 silly audit   sift: [ '17.1.3' ],
51 silly audit   'slice-ansi': [ '4.0.0' ],
51 silly audit   snakecord: [ '1.0.9' ],
51 silly audit   'sonic-boom': [ '4.2.0' ],
51 silly audit   sourcebin_js: [ '0.0.3-ignore' ],
51 silly audit   'sparse-bitfield': [ '3.0.3' ],
51 silly audit   split2: [ '4.2.0' ],
51 silly audit   statuses: [ '2.0.1' ],
51 silly audit   'string-progressbar': [ '1.0.4' ],
51 silly audit   'string-width': [ '4.2.3' ],
51 silly audit   'strip-ansi': [ '6.0.1' ],
51 silly audit   'strip-json-comments': [ '3.1.1' ],
51 silly audit   table: [ '6.9.0' ],
51 silly audit   'thread-stream': [ '3.1.0' ],
51 silly audit   'timestamp-to-date': [ '1.1.0' ],
51 silly audit   'tiny-typed-emitter': [ '2.1.0' ],
51 silly audit   toidentifier: [ '1.0.1' ],
51 silly audit   'ts-mixer': [ '6.0.4' ],
51 silly audit   tslib: [ '2.8.1' ],
51 silly audit   'twemoji-parser': [ '14.0.0' ],
51 silly audit   'type-is': [ '2.0.1' ],
51 silly audit   'typed-emitter': [ '2.1.0' ],
51 silly audit   undici: [ '6.21.1' ],
51 silly audit   'undici-types': [ '6.21.0' ],
51 silly audit   unpipe: [ '1.0.0' ],
51 silly audit   vary: [ '1.1.2' ],
51 silly audit   wrappy: [ '1.0.2' ],
51 silly audit   ws: [ '8.18.1' ],
51 silly audit   'express-session': [ '1.18.1' ],
51 silly audit   'on-headers': [ '1.0.2' ],
51 silly audit   'uid-safe': [ '2.1.5' ],
51 silly audit   'random-bytes': [ '1.0.0' ]
51 silly audit }
52 http cache uid-safe@https://registry.npmjs.org/uid-safe/-/uid-safe-2.1.5.tgz 0ms (cache hit)
53 http cache random-bytes@https://registry.npmjs.org/random-bytes/-/random-bytes-1.0.0.tgz 1ms (cache hit)
54 http cache on-headers@https://registry.npmjs.org/on-headers/-/on-headers-1.0.2.tgz 0ms (cache hit)
55 http cache express-session@https://registry.npmjs.org/express-session/-/express-session-1.18.1.tgz 0ms (cache hit)
56 http cache ms@https://registry.npmjs.org/ms/-/ms-2.0.0.tgz 1ms (cache hit)
57 http cache debug@https://registry.npmjs.org/debug/-/debug-2.6.9.tgz 0ms (cache hit)
58 http cache cookie-signature@https://registry.npmjs.org/cookie-signature/-/cookie-signature-1.0.7.tgz 0ms (cache hit)
59 http fetch POST 200 https://registry.npmjs.org/-/npm/v1/security/advisories/bulk 453ms
60 silly audit report {}
61 silly ADD node_modules/random-bytes
62 silly ADD node_modules/uid-safe
63 silly ADD node_modules/on-headers
64 silly ADD node_modules/express-session
65 silly ADD node_modules/express-session/node_modules/ms
66 silly ADD node_modules/express-session/node_modules/debug
67 silly ADD node_modules/express-session/node_modules/cookie-signature
68 verbose cwd /data/data/com.termux/files/home/pakistan-raid/YukiBot/discord-js-bot
69 verbose os Linux 4.19.191-perf-g83a4fd2b1ed4
70 verbose node v23.11.0
71 verbose npm  v10.9.2
72 verbose exit 0
73 info ok
